<?xml version="1.0" encoding="UTF-8"?>
<!-- Generated by org.testng.reporters.JUnitReportReporter -->
<testsuite hostname="DESKTOP-PMDEL23" failures="0" tests="2" name="testng.loginhrm" time="14.097" errors="0" timestamp="2025-06-01T16:56:27 IST" skipped="0">
  <testcase classname="testng.loginhrm" name="Demo" time="14.093"/>
  <system-out/>
  <testcase classname="testng.loginhrm" name="Demo1" time="0.004"/>
  <system-out/>
</testsuite> <!-- testng.loginhrm -->
