<?xml version="1.0" encoding="UTF-8"?>
<!-- Generated by org.testng.reporters.JUnitReportReporter -->
<testsuite hostname="DESKTOP-PMDEL23" failures="0" tests="1" name="testng.leavetest" time="31.927" errors="0" timestamp="2025-06-01T16:56:27 IST" skipped="0">
  <testcase classname="testng.leavetest" name="Demo1" time="31.927"/>
  <system-out/>
</testsuite> <!-- testng.leavetest -->
